<?xml version="1.0" encoding="UTF-8"?>
<testng-results skipped="0" failed="0" ignored="0" total="1" passed="1">
  <reporter-output>
  </reporter-output>
  <suite name="Suite" duration-ms="10708" started-at="2018-03-21T17:41:56Z" finished-at="2018-03-21T17:42:07Z">
    <groups>
    </groups>
    <test name="Test4" duration-ms="10708" started-at="2018-03-21T17:41:56Z" finished-at="2018-03-21T17:42:07Z">
      <class name="com.selenium.practice.tests.NestedFrameTest">
        <test-method status="PASS" signature="launchBrowser(java.lang.String)[pri:0, instance:com.selenium.practice.tests.NestedFrameTest@31ef45e3]" name="launchBrowser" is-config="true" duration-ms="5306" started-at="2018-03-21T17:41:56Z" finished-at="2018-03-21T17:42:01Z">
          <params>
            <param index="0">
              <value>
                <![CDATA[http://the-internet.herokuapp.com/nested_frames]]>
              </value>
            </param>
          </params>
          <reporter-output>
          </reporter-output>
        </test-method> <!-- launchBrowser -->
        <test-method status="PASS" signature="testIFrame()[pri:0, instance:com.selenium.practice.tests.NestedFrameTest@31ef45e3]" name="testIFrame" duration-ms="5317" started-at="2018-03-21T17:42:01Z" finished-at="2018-03-21T17:42:07Z">
          <reporter-output>
          </reporter-output>
        </test-method> <!-- testIFrame -->
        <test-method status="PASS" signature="closeBrowser()[pri:0, instance:com.selenium.practice.tests.NestedFrameTest@31ef45e3]" name="closeBrowser" is-config="true" duration-ms="65" started-at="2018-03-21T17:42:07Z" finished-at="2018-03-21T17:42:07Z">
          <reporter-output>
          </reporter-output>
        </test-method> <!-- closeBrowser -->
      </class> <!-- com.selenium.practice.tests.NestedFrameTest -->
    </test> <!-- Test4 -->
  </suite> <!-- Suite -->
</testng-results>
